##########################################################
### RELATÓRIO DE DIMENSIONAMENTO E INVENTÁRIO          ###
##########################################################
Data/Hora: 2025-10-24 08:10:54
==========================================================
### ESTATÍSTICAS DE PROCESSAMENTO GERAL
Total de Pastas Lidas: 10
Total de Arquivos JSON Encontrados: 408
----------------------------------------------------------
### INVENTÁRIO DE DADOS DISPONÍVEIS NO DISCO
TOTAL DE REGISTROS (OBJETOS) DISPONÍVEIS PARA PROCESSAMENTO: 1006833 registros
==========================================================
### DIMENSIONAMENTO DE CAMPO
ATRIBUTO (DB)                  | TIPO       | TAMANHO MÁXIMO/VALOR
----------------------------------------------------------
Obs                            | STRING     | 44                   (Sugestão: VARCHAR(60))
acordaosSimilares              | STRING     | 0                    (Sugestão: TEXT (Texto Longo))
dataDecisao                    | STRING     | 8                    (Sugestão: VARCHAR(50))
dataPublicacao                 | STRING     | 234                  (Sugestão: VARCHAR(300))
decisao                        | STRING     | 16878                (Sugestão: TEXT (Texto Longo))
descricaoClasse                | STRING     | 254                  (Sugestão: TEXT (Texto Longo))
ementa                         | STRING     | 83573                (Sugestão: TEXT (Texto Longo))
id_origem                      | INT        | 921305               (Sugestão: INTEGER)
informacoesComplementares      | STRING     | 12918                (Sugestão: TEXT (Texto Longo))
jurisprudenciaCitada           | STRING     | 4178                 (Sugestão: TEXT (Texto Longo))
ministroRelator                | STRING     | 65                   (Sugestão: VARCHAR(90))
nomeOrgaoJulgador              | STRING     | 14                   (Sugestão: VARCHAR(50))
notas                          | STRING     | 903                  (Sugestão: TEXT (Texto Longo))
numeroProcesso                 | INT        | 9239413              (Sugestão: INTEGER)
numeroRegistro                 | INT        | 202502898843         (Sugestão: BIGINT)
referenciasLegislativas        | STRING     | 0                    (Sugestão: TEXT (Texto Longo))
siglaClasse                    | STRING     | 103                  (Sugestão: VARCHAR(150))
tema                           | STRING     | 372                  (Sugestão: TEXT (Texto Longo))
termosAuxiliares               | STRING     | 446                  (Sugestão: TEXT (Texto Longo))
teseJuridica                   | STRING     | 4908                 (Sugestão: TEXT (Texto Longo))
tipoDeDecisao                  | STRING     | 9                    (Sugestão: VARCHAR(50))
----------------------------------------------------------
