2025-11-13 18:03:05 - INFO - ----------------------------------------------------------------------------------
2025-11-13 18:03:05 - INFO - Configuração de log concluída. Logando no console e em 'stj_scraper.log'.
2025-11-13 18:03:05 - INFO - ----------------------------------------------------------------------------------
2025-11-13 18:03:05 - INFO - Diretório BASE 'downloads_stj' criado.
2025-11-13 18:03:05 - INFO - 
========================================================
2025-11-13 18:03:05 - INFO - Processando URL: https://dadosabertos.web.stj.jus.br/dataset/espelhos-de-acordaos-corte-especial
2025-11-13 18:03:05 - INFO -  -> Destino: downloads_stj\espelhos-de-acordaos-corte-especial
2025-11-13 18:03:05 - INFO - ========================================================
2025-11-13 18:03:05 - INFO -  -> 0 arquivos já registrados nesta pasta.
2025-11-13 18:03:06 - INFO -  -> Encontrados 44 links de recurso nesta página.
2025-11-13 18:03:06 - INFO -  -> Pausando por 3s e tentando baixar: 20220508.zip...
2025-11-13 18:03:10 - INFO -  -> SUCESSO: Arquivo salvo em 'downloads_stj\espelhos-de-acordaos-corte-especial\20220508.zip' e controle ATUALIZADO.
2025-11-13 18:03:10 - INFO -  -> Pausando por 3s e tentando baixar: dicionario-espelhodoacordao.csv...
2025-11-13 18:03:14 - INFO -  -> SUCESSO: Arquivo salvo em 'downloads_stj\espelhos-de-acordaos-corte-especial\dicionario-espelhodoacordao.csv' e controle ATUALIZADO.
2025-11-13 18:03:14 - INFO -  -> Pausando por 3s e tentando baixar: 20220531.json...
2025-11-13 18:03:17 - INFO -  -> SUCESSO: Arquivo salvo em 'downloads_stj\espelhos-de-acordaos-corte-especial\20220531.json' e controle ATUALIZADO.
2025-11-13 18:03:17 - INFO -  -> Pausando por 3s e tentando baixar: 20220630.json...
2025-11-13 18:03:21 - INFO -  -> SUCESSO: Arquivo salvo em 'downloads_stj\espelhos-de-acordaos-corte-especial\20220630.json' e controle ATUALIZADO.
2025-11-13 18:03:21 - INFO -  -> Pausando por 3s e tentando baixar: 20220731.json...
2025-11-13 18:03:24 - INFO -  -> SUCESSO: Arquivo salvo em 'downloads_stj\espelhos-de-acordaos-corte-especial\20220731.json' e controle ATUALIZADO.
2025-11-13 18:03:24 - INFO -  -> Pausando por 3s e tentando baixar: 20220831.json...
2025-11-13 18:03:28 - INFO -  -> SUCESSO: Arquivo salvo em 'downloads_stj\espelhos-de-acordaos-corte-especial\20220831.json' e controle ATUALIZADO.
2025-11-13 18:03:28 - INFO -  -> Pausando por 3s e tentando baixar: 20220930.json...
